\BOOKMARK [0][-]{chapter.1}{\376\377\000T\000e\000o\000r\000e\000t\000i\000c\000k\000\341\000\040\001\015\000\341\000s\000t}{}% 1
\BOOKMARK [1][-]{section.1.1}{\376\377\000D\000e\000t\000e\000k\000c\000e}{chapter.1}% 2
\BOOKMARK [2][-]{subsection.1.1.1}{\376\377\000D\000e\000t\000e\000k\000c\000e\000\040\000v\000e\000l\000i\000k\000o\000s\000t\000i\000\040\000a\000\040\000p\000o\000l\000o\000h\000y\000\040}{section.1.1}% 3
\BOOKMARK [2][-]{subsection.1.1.2}{\376\377\000D\000e\000t\000e\000k\000c\000e\000\040\000s\000p\000e\000c\000i\000\341\000l\000n\000\355\000c\000h\000\040\000p\000i\000n\001\157}{section.1.1}% 4
\BOOKMARK [2][-]{subsection.1.1.3}{\376\377\000R\000o\000z\000p\000o\000z\000n\000\341\000n\000\355\000\040\000V\000C\000C\000\040\000o\000d\000\040\000G\000N\000D}{section.1.1}% 5
\BOOKMARK [1][-]{section.1.2}{\376\377\000N\000a\000h\000r\000\341\000v\000\341\000n\000\355}{chapter.1}% 6
\BOOKMARK [1][-]{section.1.3}{\376\377\000S\000h\000r\000n\000u\000t\000\355\000\040\000p\000o\001\176\000a\000d\000o\000v\000a\000n\000\375\000c\000h\000\040\000f\000u\000n\000k\000c\000\355}{chapter.1}% 7
\BOOKMARK [0][-]{chapter.2}{\376\377\000I\000m\000p\000l\000e\000m\000e\000n\000t\000a\000c\000e}{}% 8
\BOOKMARK [1][-]{section.2.1}{\376\377\000H\000a\000r\000d\000w\000a\000r\000e}{chapter.2}% 9
\BOOKMARK [2][-]{subsection.2.1.1}{\376\377\000V\000k\000l\000\341\000d\000\341\000n\000\355\000\040\001\015\000i\000p\000u}{section.2.1}% 10
\BOOKMARK [2][-]{subsection.2.1.2}{\376\377\001\130\000\355\000d\000\355\000c\000\355\000\040\000m\000i\000k\000r\000o\000p\000r\000o\000c\000e\000s\000o\000r}{section.2.1}% 11
\BOOKMARK [2][-]{subsection.2.1.3}{\376\377\000F\000u\000n\000k\000c\000i\000o\000n\000a\000l\000i\000t\000a\000\040\000p\000i\000n\001\157}{section.2.1}% 12
\BOOKMARK [2][-]{subsection.2.1.4}{\376\377\000D\000o\000d\000a\000t\000e\001\015\000n\000\375\000\040\000h\000a\000r\000d\000w\000a\000r\000e}{section.2.1}% 13
\BOOKMARK [2][-]{subsection.2.1.5}{\376\377\000P\000l\000o\001\141\000n\000\375\000\040\000s\000p\000o\000j}{section.2.1}% 14
\BOOKMARK [1][-]{section.2.2}{\376\377\000S\000o\000f\000t\000w\000a\000r\000e}{chapter.2}% 15
\BOOKMARK [2][-]{subsection.2.2.1}{\376\377\000N\000\355\000z\000k\000o\000\372\000r\000o\000v\001\110\000o\000v\000\351\000\040\000f\000u\000n\000k\000c\000e}{section.2.2}% 16
\BOOKMARK [2][-]{subsection.2.2.2}{\376\377\001\014\000t\000e\000n\000\355\000\040\000k\000a\000p\000a\000c\000i\000t\000y\000\040}{section.2.2}% 17
\BOOKMARK [0][-]{chapter.3}{\376\377\000T\000e\000c\000h\000n\000i\000c\000k\000\341\000\040\000d\000o\000k\000u\000m\000e\000n\000t\000a\000c\000e}{}% 18
\BOOKMARK [0][-]{chapter*.15}{\376\377\000Z\000\341\000v\001\033\000r}{}% 19
\BOOKMARK [0][-]{chapter*.16}{\376\377\000S\000e\000z\000n\000a\000m\000\040\000p\000o\000u\001\176\000i\000t\000\351\000\040\000l\000i\000t\000e\000r\000a\000t\000u\000r\000y}{}% 20
\BOOKMARK [0][-]{chapter*.16}{\376\377\000S\000e\000z\000n\000a\000m\000\040\000o\000b\000r\000\341\000z\000k\001\157}{}% 21
\BOOKMARK [0][-]{chapter*.16}{\376\377\000S\000e\000z\000n\000a\000m\000\040\000t\000a\000b\000u\000l\000e\000k}{}% 22
